This is XeTeX, Version 3.141592653-2.6-0.999996 (TeX Live 2024) (preloaded format=xelatex 2025.1.3)  4 JAN 2025 11:48
entering extended mode
 restricted \write18 enabled.
 %&-line parsing enabled.
**extra.tex
(./extra.tex
LaTeX2e <2023-11-01> patch level 1
L3 programming layer <2024-02-20>
(d:/Program Files (x86)/texlive/2024/texmf-dist/tex/latex/ctex/ctexbook.cls
(d:/Program Files (x86)/texlive/2024/texmf-dist/tex/latex/ctex/config/ctexbacke
nd.cfg
File: ctexbackend.cfg 2022/07/14 v2.5.10 Backend configuration file (CTEX)
)
(d:/Program Files (x86)/texlive/2024/texmf-dist/tex/latex/l3kernel/expl3.sty
Package: expl3 2024-02-20 L3 programming layer (loader) 

(d:/Program Files (x86)/texlive/2024/texmf-dist/tex/latex/l3backend/l3backend-x
etex.def
File: l3backend-xetex.def 2024-02-20 L3 backend support: XeTeX
\g__graphics_track_int=\count184
\l__pdf_internal_box=\box51
\g__pdf_backend_object_int=\count185
\g__pdf_backend_annotation_int=\count186
\g__pdf_backend_link_int=\count187
))
Document Class: ctexbook 2022/07/14 v2.5.10 Chinese adapter for class book (CTE
X)
(d:/Program Files (x86)/texlive/2024/texmf-dist/tex/latex/ctex/ctexhook.sty
Package: ctexhook 2022/07/14 v2.5.10 Document and package hooks (CTEX)
)
(d:/Program Files (x86)/texlive/2024/texmf-dist/tex/latex/ctex/ctexpatch.sty
Package: ctexpatch 2022/07/14 v2.5.10 Patching commands (CTEX)
)
(d:/Program Files (x86)/texlive/2024/texmf-dist/tex/latex/base/fix-cm.sty
Package: fix-cm 2020/11/24 v1.1t fixes to LaTeX

(d:/Program Files (x86)/texlive/2024/texmf-dist/tex/latex/base/ts1enc.def
File: ts1enc.def 2001/06/05 v3.0e (jk/car/fm) Standard LaTeX file
LaTeX Font Info:    Redeclaring font encoding TS1 on input line 47.
))
\l__ctex_tmp_int=\count188
\l__ctex_tmp_box=\box52
\l__ctex_tmp_dim=\dimen140
\g__ctex_section_depth_int=\count189
\g__ctex_font_size_int=\count190

(d:/Program Files (x86)/texlive/2024/texmf-dist/tex/latex/ctex/config/ctexopts.
cfg
File: ctexopts.cfg 2022/07/14 v2.5.10 Option configuration file (CTEX)
) (d:/Program Files (x86)/texlive/2024/texmf-dist/tex/latex/base/book.cls
Document Class: book 2023/05/17 v1.4n Standard LaTeX document class
(d:/Program Files (x86)/texlive/2024/texmf-dist/tex/latex/base/bk12.clo
File: bk12.clo 2023/05/17 v1.4n Standard LaTeX file (size option)
)
\c@part=\count191
\c@chapter=\count192
\c@section=\count193
\c@subsection=\count194
\c@subsubsection=\count195
\c@paragraph=\count196
\c@subparagraph=\count197
\c@figure=\count198
\c@table=\count199
\abovecaptionskip=\skip48
\belowcaptionskip=\skip49
\bibindent=\dimen141
)
(d:/Program Files (x86)/texlive/2024/texmf-dist/tex/latex/ctex/engine/ctex-engi
ne-xetex.def
File: ctex-engine-xetex.def 2022/07/14 v2.5.10 XeLaTeX adapter (CTEX)

(d:/Program Files (x86)/texlive/2024/texmf-dist/tex/xelatex/xecjk/xeCJK.sty
Package: xeCJK 2022/08/05 v3.9.1 Typesetting CJK scripts with XeLaTeX

(d:/Program Files (x86)/texlive/2024/texmf-dist/tex/latex/l3packages/xtemplate/
xtemplate.sty
(d:/Program Files (x86)/texlive/2024/texmf-dist/tex/latex/l3packages/xtemplate/
xtemplate-2023-10-10.sty
Package: xtemplate 2023-10-10 L3 Experimental prototype document functions
\l__xtemplate_tmp_dim=\dimen142
\l__xtemplate_tmp_int=\count266
\l__xtemplate_tmp_muskip=\muskip16
\l__xtemplate_tmp_skip=\skip50
))
\l__xeCJK_tmp_int=\count267
\l__xeCJK_tmp_box=\box53
\l__xeCJK_tmp_dim=\dimen143
\l__xeCJK_tmp_skip=\skip51
\g__xeCJK_space_factor_int=\count268
\l__xeCJK_begin_int=\count269
\l__xeCJK_end_int=\count270
\c__xeCJK_CJK_class_int=\XeTeXcharclass1
\c__xeCJK_FullLeft_class_int=\XeTeXcharclass2
\c__xeCJK_FullRight_class_int=\XeTeXcharclass3
\c__xeCJK_HalfLeft_class_int=\XeTeXcharclass4
\c__xeCJK_HalfRight_class_int=\XeTeXcharclass5
\c__xeCJK_NormalSpace_class_int=\XeTeXcharclass6
\c__xeCJK_CM_class_int=\XeTeXcharclass7
\c__xeCJK_HangulJamo_class_int=\XeTeXcharclass8
\l__xeCJK_last_skip=\skip52
\c__xeCJK_none_node=\count271
\g__xeCJK_node_int=\count272
\c__xeCJK_CJK_node_dim=\dimen144
\c__xeCJK_CJK-space_node_dim=\dimen145
\c__xeCJK_default_node_dim=\dimen146
\c__xeCJK_CJK-widow_node_dim=\dimen147
\c__xeCJK_normalspace_node_dim=\dimen148
\c__xeCJK_default-space_node_skip=\skip53
\l__xeCJK_ccglue_skip=\skip54
\l__xeCJK_ecglue_skip=\skip55
\l__xeCJK_punct_kern_skip=\skip56
\l__xeCJK_indent_box=\box54
\l__xeCJK_last_penalty_int=\count273
\l__xeCJK_last_bound_dim=\dimen149
\l__xeCJK_last_kern_dim=\dimen150
\l__xeCJK_widow_penalty_int=\count274

Package xtemplate Info: Declaring object type 'xeCJK/punctuation' taking 0
(xtemplate)             argument(s) on line 2396.

\l__xeCJK_fixed_punct_width_dim=\dimen151
\l__xeCJK_mixed_punct_width_dim=\dimen152
\l__xeCJK_middle_punct_width_dim=\dimen153
\l__xeCJK_fixed_margin_width_dim=\dimen154
\l__xeCJK_mixed_margin_width_dim=\dimen155
\l__xeCJK_middle_margin_width_dim=\dimen156
\l__xeCJK_bound_punct_width_dim=\dimen157
\l__xeCJK_bound_margin_width_dim=\dimen158
\l__xeCJK_margin_minimum_dim=\dimen159
\l__xeCJK_kerning_total_width_dim=\dimen160
\l__xeCJK_same_align_margin_dim=\dimen161
\l__xeCJK_different_align_margin_dim=\dimen162
\l__xeCJK_kerning_margin_width_dim=\dimen163
\l__xeCJK_kerning_margin_minimum_dim=\dimen164
\l__xeCJK_bound_dim=\dimen165
\l__xeCJK_reverse_bound_dim=\dimen166
\l__xeCJK_margin_dim=\dimen167
\l__xeCJK_minimum_bound_dim=\dimen168
\l__xeCJK_kerning_margin_dim=\dimen169
\g__xeCJK_family_int=\count275
\l__xeCJK_fam_int=\count276
\g__xeCJK_fam_allocation_int=\count277
\l__xeCJK_verb_case_int=\count278
\l__xeCJK_verb_exspace_skip=\skip57

(d:/Program Files (x86)/texlive/2024/texmf-dist/tex/latex/fontspec/fontspec.sty

(d:/Program Files (x86)/texlive/2024/texmf-dist/tex/latex/l3packages/xparse/xpa
rse.sty
Package: xparse 2024-02-18 L3 Experimental document command parser
)
Package: fontspec 2024/02/13 v2.9a Font selection for XeLaTeX and LuaLaTeX

(d:/Program Files (x86)/texlive/2024/texmf-dist/tex/latex/fontspec/fontspec-xet
ex.sty
Package: fontspec-xetex 2024/02/13 v2.9a Font selection for XeLaTeX and LuaLaTe
X
\l__fontspec_script_int=\count279
\l__fontspec_language_int=\count280
\l__fontspec_strnum_int=\count281
\l__fontspec_tmp_int=\count282
\l__fontspec_tmpa_int=\count283
\l__fontspec_tmpb_int=\count284
\l__fontspec_tmpc_int=\count285
\l__fontspec_em_int=\count286
\l__fontspec_emdef_int=\count287
\l__fontspec_strong_int=\count288
\l__fontspec_strongdef_int=\count289
\l__fontspec_tmpa_dim=\dimen170
\l__fontspec_tmpb_dim=\dimen171
\l__fontspec_tmpc_dim=\dimen172

(d:/Program Files (x86)/texlive/2024/texmf-dist/tex/latex/base/fontenc.sty
Package: fontenc 2021/04/29 v2.0v Standard LaTeX package
)
(d:/Program Files (x86)/texlive/2024/texmf-dist/tex/latex/fontspec/fontspec.cfg
))) (d:/Program Files (x86)/texlive/2024/texmf-dist/tex/xelatex/xecjk/xeCJK.cfg
File: xeCJK.cfg 2022/08/05 v3.9.1 Configuration file for xeCJK package
))
\ccwd=\dimen173
\l__ctex_ccglue_skip=\skip58
)
\l__ctex_ziju_dim=\dimen174

(d:/Program Files (x86)/texlive/2024/texmf-dist/tex/latex/zhnumber/zhnumber.sty
Package: zhnumber 2022/07/14 v3.0 Typesetting numbers with Chinese glyphs
\l__zhnum_scale_int=\count290
\l__zhnum_tmp_int=\count291

(d:/Program Files (x86)/texlive/2024/texmf-dist/tex/latex/zhnumber/zhnumber-utf
8.cfg
File: zhnumber-utf8.cfg 2022/07/14 v3.0 Chinese numerals with UTF8 encoding
))
\l__ctex_heading_skip=\skip59

(d:/Program Files (x86)/texlive/2024/texmf-dist/tex/latex/ctex/scheme/ctex-sche
me-chinese-book.def
File: ctex-scheme-chinese-book.def 2022/07/14 v2.5.10 Chinese scheme for book (
CTEX)

(d:/Program Files (x86)/texlive/2024/texmf-dist/tex/latex/ctex/config/ctex-name
-utf8.cfg
File: ctex-name-utf8.cfg 2022/07/14 v2.5.10 Caption with encoding UTF-8 (CTEX)
))
(d:/Program Files (x86)/texlive/2024/texmf-dist/tex/latex/ctex/fontset/ctex-fon
tset-windows.def
File: ctex-fontset-windows.def 2022/07/14 v2.5.10 Windows fonts definition (CTE
X)

Package fontspec Info: Could not resolve font "KaiTi/B" (it probably doesn't
(fontspec)             exist).


Package fontspec Info: Could not resolve font "SimHei/I" (it probably doesn't
(fontspec)             exist).


Package fontspec Info: Could not resolve font "SimSun/BI" (it probably doesn't
(fontspec)             exist).


Package fontspec Info: Font family 'SimSun(0)' created for font 'SimSun' with
(fontspec)             options
(fontspec)             [Script={CJK},BoldFont={SimHei},ItalicFont={KaiTi}].
(fontspec)              
(fontspec)              This font family consists of the following NFSS
(fontspec)             series/shapes:
(fontspec)              
(fontspec)             - 'normal' (m/n) with NFSS spec.:
(fontspec)             <->"SimSun/OT:script=hani;language=dflt;"
(fontspec)             - 'small caps'  (m/sc) with NFSS spec.: 
(fontspec)             - 'bold' (b/n) with NFSS spec.:
(fontspec)             <->"SimHei/OT:script=hani;language=dflt;"
(fontspec)             - 'bold small caps'  (b/sc) with NFSS spec.: 
(fontspec)             - 'italic' (m/it) with NFSS spec.:
(fontspec)             <->"KaiTi/OT:script=hani;language=dflt;"
(fontspec)             - 'italic small caps'  (m/scit) with NFSS spec.: 

))
(d:/Program Files (x86)/texlive/2024/texmf-dist/tex/latex/ctex/config/ctex.cfg
File: ctex.cfg 2022/07/14 v2.5.10 Configuration file (CTEX)
) (../config/_config.tex (../config/package.tex
(d:/Program Files (x86)/texlive/2024/texmf-dist/tex/latex/amsmath/amsmath.sty
Package: amsmath 2023/05/13 v2.17o AMS math features
\@mathmargin=\skip60

For additional information on amsmath, use the `?' option.
(d:/Program Files (x86)/texlive/2024/texmf-dist/tex/latex/amsmath/amstext.sty
Package: amstext 2021/08/26 v2.01 AMS text

(d:/Program Files (x86)/texlive/2024/texmf-dist/tex/latex/amsmath/amsgen.sty
File: amsgen.sty 1999/11/30 v2.0 generic functions
\@emptytoks=\toks17
\ex@=\dimen175
))
(d:/Program Files (x86)/texlive/2024/texmf-dist/tex/latex/amsmath/amsbsy.sty
Package: amsbsy 1999/11/29 v1.2d Bold Symbols
\pmbraise@=\dimen176
)
(d:/Program Files (x86)/texlive/2024/texmf-dist/tex/latex/amsmath/amsopn.sty
Package: amsopn 2022/04/08 v2.04 operator names
)
\inf@bad=\count292
LaTeX Info: Redefining \frac on input line 234.
\uproot@=\count293
\leftroot@=\count294
LaTeX Info: Redefining \overline on input line 399.
LaTeX Info: Redefining \colon on input line 410.
\classnum@=\count295
\DOTSCASE@=\count296
LaTeX Info: Redefining \ldots on input line 496.
LaTeX Info: Redefining \dots on input line 499.
LaTeX Info: Redefining \cdots on input line 620.
\Mathstrutbox@=\box55
\strutbox@=\box56
LaTeX Info: Redefining \big on input line 722.
LaTeX Info: Redefining \Big on input line 723.
LaTeX Info: Redefining \bigg on input line 724.
LaTeX Info: Redefining \Bigg on input line 725.
\big@size=\dimen177
LaTeX Font Info:    Redeclaring font encoding OML on input line 743.
LaTeX Font Info:    Redeclaring font encoding OMS on input line 744.
\macc@depth=\count297
LaTeX Info: Redefining \bmod on input line 905.
LaTeX Info: Redefining \pmod on input line 910.
LaTeX Info: Redefining \smash on input line 940.
LaTeX Info: Redefining \relbar on input line 970.
LaTeX Info: Redefining \Relbar on input line 971.
\c@MaxMatrixCols=\count298
\dotsspace@=\muskip17
\c@parentequation=\count299
\dspbrk@lvl=\count300
\tag@help=\toks18
\row@=\count301
\column@=\count302
\maxfields@=\count303
\andhelp@=\toks19
\eqnshift@=\dimen178
\alignsep@=\dimen179
\tagshift@=\dimen180
\tagwidth@=\dimen181
\totwidth@=\dimen182
\lineht@=\dimen183
\@envbody=\toks20
\multlinegap=\skip61
\multlinetaggap=\skip62
\mathdisplay@stack=\toks21
LaTeX Info: Redefining \[ on input line 2953.
LaTeX Info: Redefining \] on input line 2954.
)
(d:/Program Files (x86)/texlive/2024/texmf-dist/tex/latex/amscls/amsthm.sty
Package: amsthm 2020/05/29 v2.20.6
\thm@style=\toks22
\thm@bodyfont=\toks23
\thm@headfont=\toks24
\thm@notefont=\toks25
\thm@headpunct=\toks26
\thm@preskip=\skip63
\thm@postskip=\skip64
\thm@headsep=\skip65
\dth@everypar=\toks27
)
(d:/Program Files (x86)/texlive/2024/texmf-dist/tex/latex/amsfonts/amssymb.sty
Package: amssymb 2013/01/14 v3.01 AMS font symbols

(d:/Program Files (x86)/texlive/2024/texmf-dist/tex/latex/amsfonts/amsfonts.sty
Package: amsfonts 2013/01/14 v3.01 Basic AMSFonts support
\symAMSa=\mathgroup4
\symAMSb=\mathgroup5
LaTeX Font Info:    Redeclaring math symbol \hbar on input line 98.
LaTeX Font Info:    Overwriting math alphabet `\mathfrak' in version `bold'
(Font)                  U/euf/m/n --> U/euf/b/n on input line 106.
))
(d:/Program Files (x86)/texlive/2024/texmf-dist/tex/latex/graphics/graphicx.sty
Package: graphicx 2021/09/16 v1.2d Enhanced LaTeX Graphics (DPC,SPQR)
(d:/Program Files (x86)/texlive/2024/texmf-dist/tex/latex/graphics/keyval.sty
Package: keyval 2022/05/29 v1.15 key=value parser (DPC)
\KV@toks@=\toks28
)
(d:/Program Files (x86)/texlive/2024/texmf-dist/tex/latex/graphics/graphics.sty
Package: graphics 2022/03/10 v1.4e Standard LaTeX Graphics (DPC,SPQR)
(d:/Program Files (x86)/texlive/2024/texmf-dist/tex/latex/graphics/trig.sty
Package: trig 2021/08/11 v1.11 sin cos tan (DPC)
)
(d:/Program Files (x86)/texlive/2024/texmf-dist/tex/latex/graphics-cfg/graphics
.cfg
File: graphics.cfg 2016/06/04 v1.11 sample graphics configuration
)
Package graphics Info: Driver file: xetex.def on input line 107.

(d:/Program Files (x86)/texlive/2024/texmf-dist/tex/latex/graphics-def/xetex.de
f
File: xetex.def 2022/09/22 v5.0n Graphics/color driver for xetex
))
\Gin@req@height=\dimen184
\Gin@req@width=\dimen185
)
(d:/Program Files (x86)/texlive/2024/texmf-dist/tex/latex/jknapltx/mathrsfs.sty
Package: mathrsfs 1996/01/01 Math RSFS package v1.0 (jk)
\symrsfs=\mathgroup6
)
(d:/Program Files (x86)/texlive/2024/texmf-dist/tex/latex/enumitem/enumitem.sty
Package: enumitem 2019/06/20 v3.9 Customized lists
\labelindent=\skip66
\enit@outerparindent=\dimen186
\enit@toks=\toks29
\enit@inbox=\box57
\enit@count@id=\count304
\enitdp@description=\count305
)
(d:/Program Files (x86)/texlive/2024/texmf-dist/tex/latex/geometry/geometry.sty
Package: geometry 2020/01/02 v5.9 Page Geometry
(d:/Program Files (x86)/texlive/2024/texmf-dist/tex/generic/iftex/ifvtex.sty
Package: ifvtex 2019/10/25 v1.7 ifvtex legacy package. Use iftex instead.

(d:/Program Files (x86)/texlive/2024/texmf-dist/tex/generic/iftex/iftex.sty
Package: iftex 2022/02/03 v1.0f TeX engine tests
))
\Gm@cnth=\count306
\Gm@cntv=\count307
\c@Gm@tempcnt=\count308
\Gm@bindingoffset=\dimen187
\Gm@wd@mp=\dimen188
\Gm@odd@mp=\dimen189
\Gm@even@mp=\dimen190
\Gm@layoutwidth=\dimen191
\Gm@layoutheight=\dimen192
\Gm@layouthoffset=\dimen193
\Gm@layoutvoffset=\dimen194
\Gm@dimlist=\toks30
)
(d:/Program Files (x86)/texlive/2024/texmf-dist/tex/latex/hyperref/hyperref.sty
Package: hyperref 2024-01-20 v7.01h Hypertext links for LaTeX

(d:/Program Files (x86)/texlive/2024/texmf-dist/tex/latex/kvsetkeys/kvsetkeys.s
ty
Package: kvsetkeys 2022-10-05 v1.19 Key value parser (HO)
)
(d:/Program Files (x86)/texlive/2024/texmf-dist/tex/generic/kvdefinekeys/kvdefi
nekeys.sty
Package: kvdefinekeys 2019-12-19 v1.6 Define keys (HO)
)
(d:/Program Files (x86)/texlive/2024/texmf-dist/tex/generic/pdfescape/pdfescape
.sty
Package: pdfescape 2019/12/09 v1.15 Implements pdfTeX's escape features (HO)

(d:/Program Files (x86)/texlive/2024/texmf-dist/tex/generic/ltxcmds/ltxcmds.sty
Package: ltxcmds 2023-12-04 v1.26 LaTeX kernel commands for general use (HO)
)
(d:/Program Files (x86)/texlive/2024/texmf-dist/tex/generic/pdftexcmds/pdftexcm
ds.sty
Package: pdftexcmds 2020-06-27 v0.33 Utility functions of pdfTeX for LuaTeX (HO
)

(d:/Program Files (x86)/texlive/2024/texmf-dist/tex/generic/infwarerr/infwarerr
.sty
Package: infwarerr 2019/12/03 v1.5 Providing info/warning/error messages (HO)
)
Package pdftexcmds Info: \pdf@primitive is available.
Package pdftexcmds Info: \pdf@ifprimitive is available.
Package pdftexcmds Info: \pdfdraftmode not found.
))
(d:/Program Files (x86)/texlive/2024/texmf-dist/tex/latex/hycolor/hycolor.sty
Package: hycolor 2020-01-27 v1.10 Color options for hyperref/bookmark (HO)
)
(d:/Program Files (x86)/texlive/2024/texmf-dist/tex/latex/auxhook/auxhook.sty
Package: auxhook 2019-12-17 v1.6 Hooks for auxiliary files (HO)
)
(d:/Program Files (x86)/texlive/2024/texmf-dist/tex/latex/hyperref/nameref.sty
Package: nameref 2023-11-26 v2.56 Cross-referencing by name of section

(d:/Program Files (x86)/texlive/2024/texmf-dist/tex/latex/refcount/refcount.sty
Package: refcount 2019/12/15 v3.6 Data extraction from label references (HO)
)
(d:/Program Files (x86)/texlive/2024/texmf-dist/tex/generic/gettitlestring/gett
itlestring.sty
Package: gettitlestring 2019/12/15 v1.6 Cleanup title references (HO)

(d:/Program Files (x86)/texlive/2024/texmf-dist/tex/latex/kvoptions/kvoptions.s
ty
Package: kvoptions 2022-06-15 v3.15 Key value format for package options (HO)
))
\c@section@level=\count309
)
(d:/Program Files (x86)/texlive/2024/texmf-dist/tex/latex/etoolbox/etoolbox.sty
Package: etoolbox 2020/10/05 v2.5k e-TeX tools for LaTeX (JAW)
\etb@tempcnta=\count310
)
\@linkdim=\dimen195
\Hy@linkcounter=\count311
\Hy@pagecounter=\count312
 (d:/Program Files (x86)/texlive/2024/texmf-dist/tex/latex/hyperref/pd1enc.def
File: pd1enc.def 2024-01-20 v7.01h Hyperref: PDFDocEncoding definition (HO)
)
(d:/Program Files (x86)/texlive/2024/texmf-dist/tex/generic/intcalc/intcalc.sty
Package: intcalc 2019/12/15 v1.3 Expandable calculations with integers (HO)
)
\Hy@SavedSpaceFactor=\count313
 (d:/Program Files (x86)/texlive/2024/texmf-dist/tex/latex/hyperref/puenc.def
File: puenc.def 2024-01-20 v7.01h Hyperref: PDF Unicode definition (HO)
)
Package hyperref Info: Option `unicode' set `true' on input line 4062.
Package hyperref Info: Option `colorlinks' set `true' on input line 4062.
Package hyperref Info: Hyper figures OFF on input line 4179.
Package hyperref Info: Link nesting OFF on input line 4184.
Package hyperref Info: Hyper index ON on input line 4187.
Package hyperref Info: Plain pages OFF on input line 4194.
Package hyperref Info: Backreferencing OFF on input line 4199.
Package hyperref Info: Implicit mode ON; LaTeX internals redefined.
Package hyperref Info: Bookmarks ON on input line 4446.
\c@Hy@tempcnt=\count314
(d:/Program Files (x86)/texlive/2024/texmf-dist/tex/latex/url/url.sty
\Urlmuskip=\muskip18
Package: url 2013/09/16  ver 3.4  Verb mode for urls, etc.
)
LaTeX Info: Redefining \url on input line 4784.
\XeTeXLinkMargin=\dimen196

(d:/Program Files (x86)/texlive/2024/texmf-dist/tex/generic/bitset/bitset.sty
Package: bitset 2019/12/09 v1.3 Handle bit-vector datatype (HO)

(d:/Program Files (x86)/texlive/2024/texmf-dist/tex/generic/bigintcalc/bigintca
lc.sty
Package: bigintcalc 2019/12/15 v1.5 Expandable calculations on big integers (HO
)
))
\Fld@menulength=\count315
\Field@Width=\dimen197
\Fld@charsize=\dimen198
Package hyperref Info: Hyper figures OFF on input line 6063.
Package hyperref Info: Link nesting OFF on input line 6068.
Package hyperref Info: Hyper index ON on input line 6071.
Package hyperref Info: backreferencing OFF on input line 6078.
Package hyperref Info: Link coloring ON on input line 6081.
Package hyperref Info: Link coloring with OCG OFF on input line 6088.
Package hyperref Info: PDF/A mode OFF on input line 6093.

(d:/Program Files (x86)/texlive/2024/texmf-dist/tex/latex/base/atbegshi-ltx.sty
Package: atbegshi-ltx 2021/01/10 v1.0c Emulation of the original atbegshi
package with kernel methods
)
\Hy@abspage=\count316
\c@Item=\count317
\c@Hfootnote=\count318
)
Package hyperref Info: Driver (autodetected): hxetex.

(d:/Program Files (x86)/texlive/2024/texmf-dist/tex/latex/hyperref/hxetex.def
File: hxetex.def 2024-01-20 v7.01h Hyperref driver for XeTeX

(d:/Program Files (x86)/texlive/2024/texmf-dist/tex/generic/stringenc/stringenc
.sty
Package: stringenc 2019/11/29 v1.12 Convert strings between diff. encodings (HO
)
)
\pdfm@box=\box58
\c@Hy@AnnotLevel=\count319
\HyField@AnnotCount=\count320
\Fld@listcount=\count321
\c@bookmark@seq@number=\count322

(d:/Program Files (x86)/texlive/2024/texmf-dist/tex/latex/rerunfilecheck/rerunf
ilecheck.sty
Package: rerunfilecheck 2022-07-10 v1.10 Rerun checks for auxiliary files (HO)

(d:/Program Files (x86)/texlive/2024/texmf-dist/tex/latex/base/atveryend-ltx.st
y
Package: atveryend-ltx 2020/08/19 v1.0a Emulation of the original atveryend pac
kage
with kernel methods
)
(d:/Program Files (x86)/texlive/2024/texmf-dist/tex/generic/uniquecounter/uniqu
ecounter.sty
Package: uniquecounter 2019/12/15 v1.4 Provide unlimited unique counter (HO)
)
Package uniquecounter Info: New unique counter `rerunfilecheck' on input line 2
85.
)
\Hy@SectionHShift=\skip67
)
(d:/Program Files (x86)/texlive/2024/texmf-dist/tex/latex/stackengine/stackengi
ne.sty
Package: stackengine 2021/07/22 v4.11\ Stacking text and objects in convenient 
ways

(d:/Program Files (x86)/texlive/2024/texmf-dist/tex/generic/listofitems/listofi
tems.sty
(d:/Program Files (x86)/texlive/2024/texmf-dist/tex/generic/listofitems/listofi
tems.tex
\loi_cnt_foreach_nest=\count323
\loi_nestcnt=\count324
)
Package: listofitems 2024/03/09 v1.65 Grab items in lists using user-specified 
sep char (CT)
)
(d:/Program Files (x86)/texlive/2024/texmf-dist/tex/latex/tools/calc.sty
Package: calc 2023/07/08 v4.3 Infix arithmetic (KKT,FJ)
\calc@Acount=\count325
\calc@Bcount=\count326
\calc@Adimen=\dimen199
\calc@Bdimen=\dimen256
\calc@Askip=\skip68
\calc@Bskip=\skip69
LaTeX Info: Redefining \setlength on input line 80.
LaTeX Info: Redefining \addtolength on input line 81.
\calc@Ccount=\count327
\calc@Cskip=\skip70
)
\c@@stackindex=\count328
\@boxshift=\skip71
\stack@tmplength=\skip72
\temp@stkl=\skip73
\@stackedboxwidth=\skip74
\@addedbox=\box59
\@anchorbox=\box60
\@insetbox=\box61
\se@backgroundbox=\box62
\stackedbox=\box63
\@centerbox=\box64
\c@ROWcellindex@=\count329
)
(d:/Program Files (x86)/texlive/2024/texmf-dist/tex/latex/yhmath/yhmath.sty
Package: yhmath 2020/03/17 v1.6
\symyhlargesymbols=\mathgroup7
LaTeX Font Info:    Redeclaring math accent \widetilde on input line 29.
LaTeX Font Info:    Redeclaring math accent \widehat on input line 30.
LaTeX Font Info:    Redeclaring math symbol \braceld on input line 48.
LaTeX Font Info:    Redeclaring math symbol \bracerd on input line 49.
LaTeX Font Info:    Redeclaring math symbol \bracelu on input line 50.
LaTeX Font Info:    Redeclaring math symbol \braceru on input line 51.
LaTeX Font Info:    Redeclaring math delimiter \lmoustache on input line 53.
LaTeX Font Info:    Redeclaring math delimiter \rmoustache on input line 55.
LaTeX Font Info:    Redeclaring math delimiter \arrowvert on input line 57.
LaTeX Font Info:    Redeclaring math delimiter \Arrowvert on input line 59.
LaTeX Font Info:    Redeclaring math delimiter \Vert on input line 61.
LaTeX Font Info:    Redeclaring math delimiter \vert on input line 63.
LaTeX Font Info:    Redeclaring math delimiter \uparrow on input line 65.
LaTeX Font Info:    Redeclaring math delimiter \downarrow on input line 67.
LaTeX Font Info:    Redeclaring math delimiter \updownarrow on input line 69.
LaTeX Font Info:    Redeclaring math delimiter \Uparrow on input line 71.
LaTeX Font Info:    Redeclaring math delimiter \Downarrow on input line 73.
LaTeX Font Info:    Redeclaring math delimiter \Updownarrow on input line 75.
LaTeX Font Info:    Redeclaring math delimiter \backslash on input line 79.
LaTeX Font Info:    Redeclaring math delimiter \rangle on input line 81.
LaTeX Font Info:    Redeclaring math delimiter \langle on input line 83.
LaTeX Font Info:    Redeclaring math delimiter \rbrace on input line 85.
LaTeX Font Info:    Redeclaring math delimiter \lbrace on input line 87.
LaTeX Font Info:    Redeclaring math delimiter \rceil on input line 89.
LaTeX Font Info:    Redeclaring math delimiter \lceil on input line 91.
LaTeX Font Info:    Redeclaring math delimiter \rfloor on input line 93.
LaTeX Font Info:    Redeclaring math delimiter \lfloor on input line 95.
LaTeX Font Info:    Redeclaring math delimiter \lgroup on input line 97.
LaTeX Font Info:    Redeclaring math delimiter \rgroup on input line 99.
LaTeX Font Info:    Redeclaring math delimiter \bracevert on input line 101.
)
(d:/Program Files (x86)/texlive/2024/texmf-dist/tex/latex/extarrows/extarrows.s
ty
Package: extarrows 2020/03/12 v1.2.0 Some extensible arrows
)
(d:/Program Files (x86)/texlive/2024/texmf-dist/tex/latex/unicode-math/unicode-
math.sty
Package: unicode-math 2023/08/13 v0.8r Unicode maths in XeLaTeX and LuaLaTeX

(d:/Program Files (x86)/texlive/2024/texmf-dist/tex/latex/unicode-math/unicode-
math-xetex.sty
Package: unicode-math-xetex 2023/08/13 v0.8r Unicode maths in XeLaTeX and LuaLa
TeX

(d:/Program Files (x86)/texlive/2024/texmf-dist/tex/latex/l3packages/l3keys2e/l
3keys2e.sty
Package: l3keys2e 2024-02-18 LaTeX2e option processing using LaTeX3 keys
)
\g__um_fam_int=\count330
\g__um_fonts_used_int=\count331
\l__um_primecount_int=\count332
\g__um_primekern_muskip=\muskip19

(d:/Program Files (x86)/texlive/2024/texmf-dist/tex/latex/unicode-math/unicode-
math-table.tex)))
(d:/Program Files (x86)/texlive/2024/texmf-dist/tex/latex/fancyhdr/fancyhdr.sty
Package: fancyhdr 2022/11/09 v4.1 Extensive control of page headers and footers

\f@nch@headwidth=\skip75
\f@nch@O@elh=\skip76
\f@nch@O@erh=\skip77
\f@nch@O@olh=\skip78
\f@nch@O@orh=\skip79
\f@nch@O@elf=\skip80
\f@nch@O@erf=\skip81
\f@nch@O@olf=\skip82
\f@nch@O@orf=\skip83
) (d:/Program Files (x86)/texlive/2024/texmf-dist/tex/latex/xcolor/xcolor.sty
Package: xcolor 2023/11/15 v3.01 LaTeX color extensions (UK)

(d:/Program Files (x86)/texlive/2024/texmf-dist/tex/latex/graphics-cfg/color.cf
g
File: color.cfg 2016/01/02 v1.6 sample color configuration
)
Package xcolor Info: Driver file: xetex.def on input line 274.

(d:/Program Files (x86)/texlive/2024/texmf-dist/tex/latex/graphics/mathcolor.lt
x)
Package xcolor Info: Model `cmy' substituted by `cmy0' on input line 1350.
Package xcolor Info: Model `RGB' extended on input line 1366.
Package xcolor Info: Model `HTML' substituted by `rgb' on input line 1368.
Package xcolor Info: Model `Hsb' substituted by `hsb' on input line 1369.
Package xcolor Info: Model `tHsb' substituted by `hsb' on input line 1370.
Package xcolor Info: Model `HSB' substituted by `hsb' on input line 1371.
Package xcolor Info: Model `Gray' substituted by `gray' on input line 1372.
Package xcolor Info: Model `wave' substituted by `hsb' on input line 1373.
)
(d:/Program Files (x86)/texlive/2024/texmf-dist/tex/latex/graphics/dvipsnam.def
File: dvipsnam.def 2016/06/17 v3.0m Driver-dependent file (DPC,SPQR)
) (d:/Program Files (x86)/texlive/2024/texmf-dist/tex/latex/xcolor/svgnam.def
File: svgnam.def 2023/11/15 v3.01 Predefined colors according to SVG 1.1 (UK)
)
(d:/Program Files (x86)/texlive/2024/texmf-dist/tex/latex/listings/listings.sty
\lst@mode=\count333
\lst@gtempboxa=\box65
\lst@token=\toks31
\lst@length=\count334
\lst@currlwidth=\dimen257
\lst@column=\count335
\lst@pos=\count336
\lst@lostspace=\dimen258
\lst@width=\dimen259
\lst@newlines=\count337
\lst@lineno=\count338
\lst@maxwidth=\dimen260

(d:/Program Files (x86)/texlive/2024/texmf-dist/tex/latex/listings/lstpatch.sty
File: lstpatch.sty 2024/02/21 1.10 (Carsten Heinz)
)
(d:/Program Files (x86)/texlive/2024/texmf-dist/tex/latex/listings/lstmisc.sty
File: lstmisc.sty 2024/02/21 1.10 (Carsten Heinz)
\c@lstnumber=\count339
\lst@skipnumbers=\count340
\lst@framebox=\box66
)
(d:/Program Files (x86)/texlive/2024/texmf-dist/tex/latex/listings/listings.cfg
File: listings.cfg 2024/02/21 1.10 listings configuration
))
Package: listings 2024/02/21 1.10 (Carsten Heinz)

(d:/Program Files (x86)/texlive/2024/texmf-dist/tex/xelatex/xecjk/xeCJK-listing
s.sty
Package: xeCJK-listings 2022/08/05 v3.9.1 xeCJK patch file for listings
\l__xeCJK_listings_max_char_int=\count341
\l__xeCJK_listings_flag_int=\count342
)
(d:/Program Files (x86)/texlive/2024/texmf-dist/tex/latex/listings/lstlang1.sty
File: lstlang1.sty 2024/02/21 1.10 listings language file
)
(d:/Program Files (x86)/texlive/2024/texmf-dist/tex/latex/listings/lstlang1.sty
File: lstlang1.sty 2024/02/21 1.10 listings language file
)
(d:/Program Files (x86)/texlive/2024/texmf-dist/tex/latex/listings/lstlang1.sty
File: lstlang1.sty 2024/02/21 1.10 listings language file
)
(d:/Program Files (x86)/texlive/2024/texmf-dist/tex/latex/listings/lstlang1.sty
File: lstlang1.sty 2024/02/21 1.10 listings language file
)) (../config/theorem1.tex
(d:/Program Files (x86)/texlive/2024/texmf-dist/tex/latex/changepage/changepage
.sty
Package: changepage 2009/10/20 v1.0c check page and change page layout
\c@cp@cntr=\count343
\cp@tempcnt=\count344
)
(d:/Program Files (x86)/texlive/2024/texmf-dist/tex/latex/framed/framed.sty
Package: framed 2011/10/22 v 0.96: framed or shaded text with page breaks
\OuterFrameSep=\skip84
\fb@frw=\dimen261
\fb@frh=\dimen262
\FrameRule=\dimen263
\FrameSep=\dimen264
)
(d:/Program Files (x86)/texlive/2024/texmf-dist/tex/latex/tcolorbox/tcolorbox.s
ty
Package: tcolorbox 2024/01/10 version 6.2.0 text color boxes

(d:/Program Files (x86)/texlive/2024/texmf-dist/tex/latex/pgf/basiclayer/pgf.st
y
(d:/Program Files (x86)/texlive/2024/texmf-dist/tex/latex/pgf/utilities/pgfrcs.
sty
(d:/Program Files (x86)/texlive/2024/texmf-dist/tex/generic/pgf/utilities/pgfut
il-common.tex
\pgfutil@everybye=\toks32
\pgfutil@tempdima=\dimen265
\pgfutil@tempdimb=\dimen266
)
(d:/Program Files (x86)/texlive/2024/texmf-dist/tex/generic/pgf/utilities/pgfut
il-latex.def
\pgfutil@abb=\box67
)
(d:/Program Files (x86)/texlive/2024/texmf-dist/tex/generic/pgf/utilities/pgfrc
s.code.tex
(d:/Program Files (x86)/texlive/2024/texmf-dist/tex/generic/pgf/pgf.revision.te
x)
Package: pgfrcs 2023-01-15 v3.1.10 (3.1.10)
))
Package: pgf 2023-01-15 v3.1.10 (3.1.10)

(d:/Program Files (x86)/texlive/2024/texmf-dist/tex/latex/pgf/basiclayer/pgfcor
e.sty
(d:/Program Files (x86)/texlive/2024/texmf-dist/tex/latex/pgf/systemlayer/pgfsy
s.sty
(d:/Program Files (x86)/texlive/2024/texmf-dist/tex/generic/pgf/systemlayer/pgf
sys.code.tex
Package: pgfsys 2023-01-15 v3.1.10 (3.1.10)

(d:/Program Files (x86)/texlive/2024/texmf-dist/tex/generic/pgf/utilities/pgfke
ys.code.tex
\pgfkeys@pathtoks=\toks33
\pgfkeys@temptoks=\toks34

(d:/Program Files (x86)/texlive/2024/texmf-dist/tex/generic/pgf/utilities/pgfke
yslibraryfiltered.code.tex
\pgfkeys@tmptoks=\toks35
))
\pgf@x=\dimen267
\pgf@y=\dimen268
\pgf@xa=\dimen269
\pgf@ya=\dimen270
\pgf@xb=\dimen271
\pgf@yb=\dimen272
\pgf@xc=\dimen273
\pgf@yc=\dimen274
\pgf@xd=\dimen275
\pgf@yd=\dimen276
\w@pgf@writea=\write3
\r@pgf@reada=\read2
\c@pgf@counta=\count345
\c@pgf@countb=\count346
\c@pgf@countc=\count347
\c@pgf@countd=\count348
\t@pgf@toka=\toks36
\t@pgf@tokb=\toks37
\t@pgf@tokc=\toks38
\pgf@sys@id@count=\count349

(d:/Program Files (x86)/texlive/2024/texmf-dist/tex/generic/pgf/systemlayer/pgf
.cfg
File: pgf.cfg 2023-01-15 v3.1.10 (3.1.10)
)
Driver file for pgf: pgfsys-xetex.def

(d:/Program Files (x86)/texlive/2024/texmf-dist/tex/generic/pgf/systemlayer/pgf
sys-xetex.def
File: pgfsys-xetex.def 2023-01-15 v3.1.10 (3.1.10)

(d:/Program Files (x86)/texlive/2024/texmf-dist/tex/generic/pgf/systemlayer/pgf
sys-dvipdfmx.def
File: pgfsys-dvipdfmx.def 2023-01-15 v3.1.10 (3.1.10)

(d:/Program Files (x86)/texlive/2024/texmf-dist/tex/generic/pgf/systemlayer/pgf
sys-common-pdf.def
File: pgfsys-common-pdf.def 2023-01-15 v3.1.10 (3.1.10)
)
\pgfsys@objnum=\count350
)))
(d:/Program Files (x86)/texlive/2024/texmf-dist/tex/generic/pgf/systemlayer/pgf
syssoftpath.code.tex
File: pgfsyssoftpath.code.tex 2023-01-15 v3.1.10 (3.1.10)
\pgfsyssoftpath@smallbuffer@items=\count351
\pgfsyssoftpath@bigbuffer@items=\count352
)
(d:/Program Files (x86)/texlive/2024/texmf-dist/tex/generic/pgf/systemlayer/pgf
sysprotocol.code.tex
File: pgfsysprotocol.code.tex 2023-01-15 v3.1.10 (3.1.10)
))
(d:/Program Files (x86)/texlive/2024/texmf-dist/tex/generic/pgf/basiclayer/pgfc
ore.code.tex
Package: pgfcore 2023-01-15 v3.1.10 (3.1.10)

(d:/Program Files (x86)/texlive/2024/texmf-dist/tex/generic/pgf/math/pgfmath.co
de.tex
(d:/Program Files (x86)/texlive/2024/texmf-dist/tex/generic/pgf/math/pgfmathuti
l.code.tex)
(d:/Program Files (x86)/texlive/2024/texmf-dist/tex/generic/pgf/math/pgfmathpar
ser.code.tex
\pgfmath@dimen=\dimen277
\pgfmath@count=\count353
\pgfmath@box=\box68
\pgfmath@toks=\toks39
\pgfmath@stack@operand=\toks40
\pgfmath@stack@operation=\toks41
)
(d:/Program Files (x86)/texlive/2024/texmf-dist/tex/generic/pgf/math/pgfmathfun
ctions.code.tex)
(d:/Program Files (x86)/texlive/2024/texmf-dist/tex/generic/pgf/math/pgfmathfun
ctions.basic.code.tex)
(d:/Program Files (x86)/texlive/2024/texmf-dist/tex/generic/pgf/math/pgfmathfun
ctions.trigonometric.code.tex)
(d:/Program Files (x86)/texlive/2024/texmf-dist/tex/generic/pgf/math/pgfmathfun
ctions.random.code.tex)
(d:/Program Files (x86)/texlive/2024/texmf-dist/tex/generic/pgf/math/pgfmathfun
ctions.comparison.code.tex)
(d:/Program Files (x86)/texlive/2024/texmf-dist/tex/generic/pgf/math/pgfmathfun
ctions.base.code.tex)
(d:/Program Files (x86)/texlive/2024/texmf-dist/tex/generic/pgf/math/pgfmathfun
ctions.round.code.tex)
(d:/Program Files (x86)/texlive/2024/texmf-dist/tex/generic/pgf/math/pgfmathfun
ctions.misc.code.tex)
(d:/Program Files (x86)/texlive/2024/texmf-dist/tex/generic/pgf/math/pgfmathfun
ctions.integerarithmetics.code.tex)
(d:/Program Files (x86)/texlive/2024/texmf-dist/tex/generic/pgf/math/pgfmathcal
c.code.tex)
(d:/Program Files (x86)/texlive/2024/texmf-dist/tex/generic/pgf/math/pgfmathflo
at.code.tex
\c@pgfmathroundto@lastzeros=\count354
))
(d:/Program Files (x86)/texlive/2024/texmf-dist/tex/generic/pgf/math/pgfint.cod
e.tex)
(d:/Program Files (x86)/texlive/2024/texmf-dist/tex/generic/pgf/basiclayer/pgfc
orepoints.code.tex
File: pgfcorepoints.code.tex 2023-01-15 v3.1.10 (3.1.10)
\pgf@picminx=\dimen278
\pgf@picmaxx=\dimen279
\pgf@picminy=\dimen280
\pgf@picmaxy=\dimen281
\pgf@pathminx=\dimen282
\pgf@pathmaxx=\dimen283
\pgf@pathminy=\dimen284
\pgf@pathmaxy=\dimen285
\pgf@xx=\dimen286
\pgf@xy=\dimen287
\pgf@yx=\dimen288
\pgf@yy=\dimen289
\pgf@zx=\dimen290
\pgf@zy=\dimen291
)
(d:/Program Files (x86)/texlive/2024/texmf-dist/tex/generic/pgf/basiclayer/pgfc
orepathconstruct.code.tex
File: pgfcorepathconstruct.code.tex 2023-01-15 v3.1.10 (3.1.10)
\pgf@path@lastx=\dimen292
\pgf@path@lasty=\dimen293
)
(d:/Program Files (x86)/texlive/2024/texmf-dist/tex/generic/pgf/basiclayer/pgfc
orepathusage.code.tex
File: pgfcorepathusage.code.tex 2023-01-15 v3.1.10 (3.1.10)
\pgf@shorten@end@additional=\dimen294
\pgf@shorten@start@additional=\dimen295
)
(d:/Program Files (x86)/texlive/2024/texmf-dist/tex/generic/pgf/basiclayer/pgfc
orescopes.code.tex
File: pgfcorescopes.code.tex 2023-01-15 v3.1.10 (3.1.10)
\pgfpic=\box69
\pgf@hbox=\box70
\pgf@layerbox@main=\box71
\pgf@picture@serial@count=\count355
)
(d:/Program Files (x86)/texlive/2024/texmf-dist/tex/generic/pgf/basiclayer/pgfc
oregraphicstate.code.tex
File: pgfcoregraphicstate.code.tex 2023-01-15 v3.1.10 (3.1.10)
\pgflinewidth=\dimen296
)
(d:/Program Files (x86)/texlive/2024/texmf-dist/tex/generic/pgf/basiclayer/pgfc
oretransformations.code.tex
File: pgfcoretransformations.code.tex 2023-01-15 v3.1.10 (3.1.10)
\pgf@pt@x=\dimen297
\pgf@pt@y=\dimen298
\pgf@pt@temp=\dimen299
)
(d:/Program Files (x86)/texlive/2024/texmf-dist/tex/generic/pgf/basiclayer/pgfc
orequick.code.tex
File: pgfcorequick.code.tex 2023-01-15 v3.1.10 (3.1.10)
)
(d:/Program Files (x86)/texlive/2024/texmf-dist/tex/generic/pgf/basiclayer/pgfc
oreobjects.code.tex
File: pgfcoreobjects.code.tex 2023-01-15 v3.1.10 (3.1.10)
)
(d:/Program Files (x86)/texlive/2024/texmf-dist/tex/generic/pgf/basiclayer/pgfc
orepathprocessing.code.tex
File: pgfcorepathprocessing.code.tex 2023-01-15 v3.1.10 (3.1.10)
)
(d:/Program Files (x86)/texlive/2024/texmf-dist/tex/generic/pgf/basiclayer/pgfc
orearrows.code.tex
File: pgfcorearrows.code.tex 2023-01-15 v3.1.10 (3.1.10)
\pgfarrowsep=\dimen300
)
(d:/Program Files (x86)/texlive/2024/texmf-dist/tex/generic/pgf/basiclayer/pgfc
oreshade.code.tex
File: pgfcoreshade.code.tex 2023-01-15 v3.1.10 (3.1.10)
\pgf@max=\dimen301
\pgf@sys@shading@range@num=\count356
\pgf@shadingcount=\count357
)
(d:/Program Files (x86)/texlive/2024/texmf-dist/tex/generic/pgf/basiclayer/pgfc
oreimage.code.tex
File: pgfcoreimage.code.tex 2023-01-15 v3.1.10 (3.1.10)
)
(d:/Program Files (x86)/texlive/2024/texmf-dist/tex/generic/pgf/basiclayer/pgfc
oreexternal.code.tex
File: pgfcoreexternal.code.tex 2023-01-15 v3.1.10 (3.1.10)
\pgfexternal@startupbox=\box72
)
(d:/Program Files (x86)/texlive/2024/texmf-dist/tex/generic/pgf/basiclayer/pgfc
orelayers.code.tex
File: pgfcorelayers.code.tex 2023-01-15 v3.1.10 (3.1.10)
)
(d:/Program Files (x86)/texlive/2024/texmf-dist/tex/generic/pgf/basiclayer/pgfc
oretransparency.code.tex
File: pgfcoretransparency.code.tex 2023-01-15 v3.1.10 (3.1.10)
)
(d:/Program Files (x86)/texlive/2024/texmf-dist/tex/generic/pgf/basiclayer/pgfc
orepatterns.code.tex
File: pgfcorepatterns.code.tex 2023-01-15 v3.1.10 (3.1.10)
)
(d:/Program Files (x86)/texlive/2024/texmf-dist/tex/generic/pgf/basiclayer/pgfc
orerdf.code.tex
File: pgfcorerdf.code.tex 2023-01-15 v3.1.10 (3.1.10)
)))
(d:/Program Files (x86)/texlive/2024/texmf-dist/tex/generic/pgf/modules/pgfmodu
leshapes.code.tex
File: pgfmoduleshapes.code.tex 2023-01-15 v3.1.10 (3.1.10)
\pgfnodeparttextbox=\box73
)
(d:/Program Files (x86)/texlive/2024/texmf-dist/tex/generic/pgf/modules/pgfmodu
leplot.code.tex
File: pgfmoduleplot.code.tex 2023-01-15 v3.1.10 (3.1.10)
)
(d:/Program Files (x86)/texlive/2024/texmf-dist/tex/latex/pgf/compatibility/pgf
comp-version-0-65.sty
Package: pgfcomp-version-0-65 2023-01-15 v3.1.10 (3.1.10)
\pgf@nodesepstart=\dimen302
\pgf@nodesepend=\dimen303
)
(d:/Program Files (x86)/texlive/2024/texmf-dist/tex/latex/pgf/compatibility/pgf
comp-version-1-18.sty
Package: pgfcomp-version-1-18 2023-01-15 v3.1.10 (3.1.10)
))
(d:/Program Files (x86)/texlive/2024/texmf-dist/tex/latex/tools/verbatim.sty
Package: verbatim 2023-11-06 v1.5v LaTeX2e package for verbatim enhancements
\every@verbatim=\toks42
\verbatim@line=\toks43
\verbatim@in@stream=\read3
)
(d:/Program Files (x86)/texlive/2024/texmf-dist/tex/latex/environ/environ.sty
Package: environ 2014/05/04 v0.3 A new way to define environments

(d:/Program Files (x86)/texlive/2024/texmf-dist/tex/latex/trimspaces/trimspaces
.sty
Package: trimspaces 2009/09/17 v1.1 Trim spaces around a token list
))
\tcb@titlebox=\box74
\tcb@upperbox=\box75
\tcb@lowerbox=\box76
\tcb@phantombox=\box77
\c@tcbbreakpart=\count358
\c@tcblayer=\count359
\c@tcolorbox@number=\count360
\l__tcobox_tmpa_box=\box78
\l__tcobox_tmpa_dim=\dimen304
\tcb@temp=\box79
\tcb@temp=\box80
\tcb@temp=\box81
\tcb@temp=\box82
)
(d:/Program Files (x86)/texlive/2024/texmf-dist/tex/latex/tcolorbox/tcbraster.c
ode.tex
Library (tcolorbox): 'tcbraster.code.tex' version '6.2.0'
\c@tcbrastercolumn=\count361
\c@tcbrasterrow=\count362
\c@tcbrasternum=\count363
\c@tcbraster=\count364
)
(d:/Program Files (x86)/texlive/2024/texmf-dist/tex/latex/tcolorbox/tcbskins.co
de.tex
Library (tcolorbox): 'tcbskins.code.tex' version '6.2.0'

(d:/Program Files (x86)/texlive/2024/texmf-dist/tex/latex/pgf/frontendlayer/tik
z.sty
(d:/Program Files (x86)/texlive/2024/texmf-dist/tex/latex/pgf/utilities/pgffor.
sty
(d:/Program Files (x86)/texlive/2024/texmf-dist/tex/latex/pgf/utilities/pgfkeys
.sty
(d:/Program Files (x86)/texlive/2024/texmf-dist/tex/generic/pgf/utilities/pgfke
ys.code.tex))
(d:/Program Files (x86)/texlive/2024/texmf-dist/tex/latex/pgf/math/pgfmath.sty
(d:/Program Files (x86)/texlive/2024/texmf-dist/tex/generic/pgf/math/pgfmath.co
de.tex))
(d:/Program Files (x86)/texlive/2024/texmf-dist/tex/generic/pgf/utilities/pgffo
r.code.tex
Package: pgffor 2023-01-15 v3.1.10 (3.1.10)
\pgffor@iter=\dimen305
\pgffor@skip=\dimen306
\pgffor@stack=\toks44
\pgffor@toks=\toks45
))
(d:/Program Files (x86)/texlive/2024/texmf-dist/tex/generic/pgf/frontendlayer/t
ikz/tikz.code.tex
Package: tikz 2023-01-15 v3.1.10 (3.1.10)

(d:/Program Files (x86)/texlive/2024/texmf-dist/tex/generic/pgf/libraries/pgfli
braryplothandlers.code.tex
File: pgflibraryplothandlers.code.tex 2023-01-15 v3.1.10 (3.1.10)
\pgf@plot@mark@count=\count365
\pgfplotmarksize=\dimen307
)
\tikz@lastx=\dimen308
\tikz@lasty=\dimen309
\tikz@lastxsaved=\dimen310
\tikz@lastysaved=\dimen311
\tikz@lastmovetox=\dimen312
\tikz@lastmovetoy=\dimen313
\tikzleveldistance=\dimen314
\tikzsiblingdistance=\dimen315
\tikz@figbox=\box83
\tikz@figbox@bg=\box84
\tikz@tempbox=\box85
\tikz@tempbox@bg=\box86
\tikztreelevel=\count366
\tikznumberofchildren=\count367
\tikznumberofcurrentchild=\count368
\tikz@fig@count=\count369

(d:/Program Files (x86)/texlive/2024/texmf-dist/tex/generic/pgf/modules/pgfmodu
lematrix.code.tex
File: pgfmodulematrix.code.tex 2023-01-15 v3.1.10 (3.1.10)
\pgfmatrixcurrentrow=\count370
\pgfmatrixcurrentcolumn=\count371
\pgf@matrix@numberofcolumns=\count372
)
\tikz@expandcount=\count373

(d:/Program Files (x86)/texlive/2024/texmf-dist/tex/generic/pgf/frontendlayer/t
ikz/libraries/tikzlibrarytopaths.code.tex
File: tikzlibrarytopaths.code.tex 2023-01-15 v3.1.10 (3.1.10)
)))
(d:/Program Files (x86)/texlive/2024/texmf-dist/tex/latex/tikzfill/tikzfill.ima
ge.sty
Package: tikzfill.image 2023/08/08 v1.0.1 Image filling library for TikZ

(d:/Program Files (x86)/texlive/2024/texmf-dist/tex/latex/tikzfill/tikzfill-com
mon.sty
Package: tikzfill-common 2023/08/08 v1.0.1 Auxiliary code for tikzfill
)
(d:/Program Files (x86)/texlive/2024/texmf-dist/tex/latex/tikzfill/tikzlibraryf
ill.image.code.tex
File: tikzlibraryfill.image.code.tex 2023/08/08 v1.0.1 Image filling library
\l__tikzfill_img_box=\box87
))
(d:/Program Files (x86)/texlive/2024/texmf-dist/tex/latex/tcolorbox/tcbskinsjig
saw.code.tex
Library (tcolorbox): 'tcbskinsjigsaw.code.tex' version '6.2.0'
))
(d:/Program Files (x86)/texlive/2024/texmf-dist/tex/latex/tcolorbox/tcbbreakabl
e.code.tex
Library (tcolorbox): 'tcbbreakable.code.tex' version '6.2.0'
(d:/Program Files (x86)/texlive/2024/texmf-dist/tex/latex/pdfcol/pdfcol.sty
Package: pdfcol 2022-09-21 v1.7 Handle new color stacks for pdfTeX (HO)
Package pdfcol Info: Interface disabled because of missing PDF mode of pdfTeX.
)
Package pdfcol Info: pdfTeX's color stacks are not available.
\tcb@testbox=\box88
\tcb@totalupperbox=\box89
\tcb@totallowerbox=\box90
)
(d:/Program Files (x86)/texlive/2024/texmf-dist/tex/latex/tcolorbox/tcbhooks.co
de.tex
Library (tcolorbox): 'tcbhooks.code.tex' version '6.2.0'
)
(d:/Program Files (x86)/texlive/2024/texmf-dist/tex/latex/tcolorbox/tcbtheorems
.code.tex
Library (tcolorbox): 'tcbtheorems.code.tex' version '6.2.0'
)
(d:/Program Files (x86)/texlive/2024/texmf-dist/tex/latex/tcolorbox/tcbfitting.
code.tex
Library (tcolorbox): 'tcbfitting.code.tex' version '6.2.0'
\tcbfitdim=\dimen316
\tcb@lowerfitdim=\dimen317
\tcb@upperfitdim=\dimen318
\tcb@cur@hbadness=\count374
)
(d:/Program Files (x86)/texlive/2024/texmf-dist/tex/latex/tcolorbox/tcblistings
utf8.code.tex
Library (tcolorbox): 'tcblistingsutf8.code.tex' version '6.2.0'

(d:/Program Files (x86)/texlive/2024/texmf-dist/tex/latex/tcolorbox/tcblistings
.code.tex
Library (tcolorbox): 'tcblistings.code.tex' version '6.2.0'

(d:/Program Files (x86)/texlive/2024/texmf-dist/tex/latex/tcolorbox/tcblistings
core.code.tex
Library (tcolorbox): 'tcblistingscore.code.tex' version '6.2.0'

(d:/Program Files (x86)/texlive/2024/texmf-dist/tex/latex/tcolorbox/tcbprocessi
ng.code.tex
Library (tcolorbox): 'tcbprocessing.code.tex' version '6.2.0'
)
\c@tcblisting=\count375
))
Package tcolorbox Info: Library `listingsutf8' is compatible with pdftex only. 
Library `listings` is loaded instead. on input line 29.
)
(d:/Program Files (x86)/texlive/2024/texmf-dist/tex/latex/tcolorbox/tcbexternal
.code.tex
Library (tcolorbox): 'tcbexternal.code.tex' version '6.2.0'
)
(d:/Program Files (x86)/texlive/2024/texmf-dist/tex/latex/tcolorbox/tcbmagazine
.code.tex
Library (tcolorbox): 'tcbmagazine.code.tex' version '6.2.0'
)
(d:/Program Files (x86)/texlive/2024/texmf-dist/tex/latex/tcolorbox/tcbvignette
.code.tex
Library (tcolorbox): 'tcbvignette.code.tex' version '6.2.0'

(d:/Program Files (x86)/texlive/2024/texmf-dist/tex/generic/pgf/frontendlayer/t
ikz/libraries/tikzlibraryfadings.code.tex
File: tikzlibraryfadings.code.tex 2023-01-15 v3.1.10 (3.1.10)

(d:/Program Files (x86)/texlive/2024/texmf-dist/tex/generic/pgf/libraries/pgfli
braryfadings.code.tex
File: pgflibraryfadings.code.tex 2023-01-15 v3.1.10 (3.1.10)
)))
(d:/Program Files (x86)/texlive/2024/texmf-dist/tex/latex/tcolorbox/tcbposter.c
ode.tex
Library (tcolorbox): 'tcbposter.code.tex' version '6.2.0'
)
\c@tcb@cnt@defn=\count376
\c@tcb@cnt@lemma=\count377
) (../config/custom.tex)) (./extra.aux)
\openout1 = `extra.aux'.

LaTeX Font Info:    Checking defaults for OML/cmm/m/it on input line 5.
LaTeX Font Info:    ... okay on input line 5.
LaTeX Font Info:    Checking defaults for OMS/cmsy/m/n on input line 5.
LaTeX Font Info:    ... okay on input line 5.
LaTeX Font Info:    Checking defaults for OT1/cmr/m/n on input line 5.
LaTeX Font Info:    ... okay on input line 5.
LaTeX Font Info:    Checking defaults for T1/cmr/m/n on input line 5.
LaTeX Font Info:    ... okay on input line 5.
LaTeX Font Info:    Checking defaults for TS1/cmr/m/n on input line 5.
LaTeX Font Info:    ... okay on input line 5.
LaTeX Font Info:    Checking defaults for TU/lmr/m/n on input line 5.
LaTeX Font Info:    ... okay on input line 5.
LaTeX Font Info:    Checking defaults for OMX/cmex/m/n on input line 5.
LaTeX Font Info:    ... okay on input line 5.
LaTeX Font Info:    Checking defaults for U/cmr/m/n on input line 5.
LaTeX Font Info:    ... okay on input line 5.
LaTeX Font Info:    Checking defaults for PD1/pdf/m/n on input line 5.
LaTeX Font Info:    ... okay on input line 5.
LaTeX Font Info:    Checking defaults for PU/pdf/m/n on input line 5.
LaTeX Font Info:    ... okay on input line 5.

*geometry* driver: auto-detecting
*geometry* detected driver: xetex
*geometry* verbose mode - [ preamble ] result:
* driver: xetex
* paper: a4paper
* layout: <same size as paper>
* layoutoffset:(h,v)=(0.0pt,0.0pt)
* modes: 
* h-part:(L,W,R)=(56.9055pt, 483.69687pt, 56.9055pt)
* v-part:(T,H,B)=(72.26997pt, 700.5069pt, 72.26997pt)
* \paperwidth=597.50787pt
* \paperheight=845.04684pt
* \textwidth=483.69687pt
* \textheight=700.5069pt
* \oddsidemargin=-15.36449pt
* \evensidemargin=-15.36449pt
* \topmargin=-73.12352pt
* \headheight=61.74242pt
* \headsep=11.38109pt
* \topskip=12.0pt
* \footskip=34.1433pt
* \marginparwidth=38.0pt
* \marginparsep=7.0pt
* \columnsep=10.0pt
* \skip\footins=10.8pt plus 4.0pt minus 2.0pt
* \hoffset=0.0pt
* \voffset=0.0pt
* \mag=1000
* \@twocolumnfalse
* \@twosidefalse
* \@mparswitchfalse
* \@reversemarginfalse
* (1in=72.27pt=25.4mm, 1cm=28.453pt)

Package hyperref Info: Link coloring ON on input line 5.
(./extra.out) (./extra.out)
\@outlinefile=\write4
\openout4 = `extra.out'.

LaTeX Font Info:    Overwriting math alphabet `\mathrm' in version `normal'
(Font)                  OT1/cmr/m/n --> TU/lmr/m/n on input line 5.
LaTeX Font Info:    Overwriting math alphabet `\mathit' in version `normal'
(Font)                  OT1/cmr/m/it --> TU/lmr/m/it on input line 5.
LaTeX Font Info:    Overwriting math alphabet `\mathbf' in version `normal'
(Font)                  OT1/cmr/bx/n --> TU/lmr/bx/n on input line 5.
LaTeX Font Info:    Overwriting math alphabet `\mathsf' in version `normal'
(Font)                  OT1/cmss/m/n --> TU/lmss/m/n on input line 5.
LaTeX Font Info:    Overwriting math alphabet `\mathsf' in version `bold'
(Font)                  OT1/cmss/bx/n --> TU/lmss/bx/n on input line 5.
LaTeX Font Info:    Overwriting math alphabet `\mathtt' in version `normal'
(Font)                  OT1/cmtt/m/n --> TU/lmtt/m/n on input line 5.
LaTeX Font Info:    Overwriting math alphabet `\mathtt' in version `bold'
(Font)                  OT1/cmtt/m/n --> TU/lmtt/bx/n on input line 5.

Package fontspec Info: Font family 'latinmodern-math.otf(0)' created for font
(fontspec)             'latinmodern-math.otf' with options
(fontspec)             [BoldItalicFont={},ItalicFont={},SmallCapsFont={},Script
=Math,BoldFont={latinmodern-math.otf}].
(fontspec)              
(fontspec)              This font family consists of the following NFSS
(fontspec)             series/shapes:
(fontspec)              
(fontspec)             - 'normal' (m/n) with NFSS spec.:
(fontspec)             <->"[latinmodern-math.otf]/OT:script=math;language=dflt;
"
(fontspec)             - 'small caps'  (m/sc) with NFSS spec.: 
(fontspec)             - 'bold' (b/n) with NFSS spec.:
(fontspec)             <->"[latinmodern-math.otf]/OT:script=math;language=dflt;
"
(fontspec)             - 'bold small caps'  (b/sc) with NFSS spec.: 


Package fontspec Info: Font family 'latinmodern-math.otf(1)' created for font
(fontspec)             'latinmodern-math.otf' with options
(fontspec)             [BoldItalicFont={},ItalicFont={},SmallCapsFont={},Script
=Math,SizeFeatures={{Size=10.2-},{Size=7.2-10.2,Font=latinmodern-math.otf,Style
=MathScript},{Size=-7.2,Font=latinmodern-math.otf,Style=MathScriptScript}},Bold
Font={latinmodern-math.otf}].
(fontspec)              
(fontspec)              This font family consists of the following NFSS
(fontspec)             series/shapes:
(fontspec)              
(fontspec)             - 'normal' (m/n) with NFSS spec.:
(fontspec)             <10.2->"[latinmodern-math.otf]/OT:script=math;language=d
flt;"<7.2-10.2>"[latinmodern-math.otf]/OT:script=math;language=dflt;+ssty=0;"<-
7.2>"[latinmodern-math.otf]/OT:script=math;language=dflt;+ssty=1;"
(fontspec)             - 'small caps'  (m/sc) with NFSS spec.: 
(fontspec)             - 'bold' (b/n) with NFSS spec.:
(fontspec)             <->"[latinmodern-math.otf]/OT:script=math;language=dflt;
"
(fontspec)             - 'bold small caps'  (b/sc) with NFSS spec.: 

LaTeX Font Info:    Encoding `OT1' has changed to `TU' for symbol font
(Font)              `operators' in the math version `normal' on input line 5.
LaTeX Font Info:    Overwriting symbol font `operators' in version `normal'
(Font)                  OT1/cmr/m/n --> TU/latinmodern-math.otf(1)/m/n on input
 line 5.
LaTeX Font Info:    Encoding `OT1' has changed to `TU' for symbol font
(Font)              `operators' in the math version `bold' on input line 5.
LaTeX Font Info:    Overwriting symbol font `operators' in version `bold'
(Font)                  OT1/cmr/bx/n --> TU/latinmodern-math.otf(1)/b/n on inpu
t line 5.

Package fontspec Info: latinmodern-math scale = 1.0001.


Package fontspec Info: latinmodern-math scale = 1.0001.


Package fontspec Info: latinmodern-math scale = 1.0001.


Package fontspec Info: latinmodern-math scale = 1.0001.


Package fontspec Info: latinmodern-math scale = 1.0001.


Package fontspec Info: Font family 'latinmodern-math.otf(2)' created for font
(fontspec)             'latinmodern-math.otf' with options
(fontspec)             [BoldItalicFont={},ItalicFont={},SmallCapsFont={},Script
=Math,SizeFeatures={{Size=10.2-},{Size=7.2-10.2,Font=latinmodern-math.otf,Style
=MathScript},{Size=-7.2,Font=latinmodern-math.otf,Style=MathScriptScript}},Bold
Font={latinmodern-math.otf},ScaleAgain=1.0001,FontAdjustment={\fontdimen
(fontspec)             8\font =8.124pt\relax \fontdimen 9\font =4.728pt\relax
(fontspec)             \fontdimen 10\font =5.328pt\relax \fontdimen 11\font
(fontspec)             =8.232pt\relax \fontdimen 12\font =4.14pt\relax
(fontspec)             \fontdimen 13\font =4.356pt\relax \fontdimen 14\font
(fontspec)             =4.356pt\relax \fontdimen 15\font =3.468pt\relax
(fontspec)             \fontdimen 16\font =2.964pt\relax \fontdimen 17\font
(fontspec)             =2.964pt\relax \fontdimen 18\font =3.0pt\relax
(fontspec)             \fontdimen 19\font =2.4pt\relax \fontdimen 22\font
(fontspec)             =3.0pt\relax \fontdimen 20\font =0pt\relax \fontdimen
(fontspec)             21\font =0pt\relax }].
(fontspec)              
(fontspec)              This font family consists of the following NFSS
(fontspec)             series/shapes:
(fontspec)              
(fontspec)             - 'normal' (m/n) with NFSS spec.:
(fontspec)             <10.2->s*[1.0001]"[latinmodern-math.otf]/OT:script=math;
language=dflt;"<7.2-10.2>s*[1.0001]"[latinmodern-math.otf]/OT:script=math;langu
age=dflt;+ssty=0;"<-7.2>s*[1.0001]"[latinmodern-math.otf]/OT:script=math;langua
ge=dflt;+ssty=1;"
(fontspec)             - 'small caps'  (m/sc) with NFSS spec.: 
(fontspec)             and font adjustment code:
(fontspec)             \fontdimen 8\font =8.124pt\relax \fontdimen 9\font
(fontspec)             =4.728pt\relax \fontdimen 10\font =5.328pt\relax
(fontspec)             \fontdimen 11\font =8.232pt\relax \fontdimen 12\font
(fontspec)             =4.14pt\relax \fontdimen 13\font =4.356pt\relax
(fontspec)             \fontdimen 14\font =4.356pt\relax \fontdimen 15\font
(fontspec)             =3.468pt\relax \fontdimen 16\font =2.964pt\relax
(fontspec)             \fontdimen 17\font =2.964pt\relax \fontdimen 18\font
(fontspec)             =3.0pt\relax \fontdimen 19\font =2.4pt\relax \fontdimen
(fontspec)             22\font =3.0pt\relax \fontdimen 20\font =0pt\relax
(fontspec)             \fontdimen 21\font =0pt\relax 
(fontspec)             - 'bold' (b/n) with NFSS spec.:
(fontspec)             <->s*[1.0001]"[latinmodern-math.otf]/OT:script=math;lang
uage=dflt;"
(fontspec)             - 'bold small caps'  (b/sc) with NFSS spec.: 
(fontspec)             and font adjustment code:
(fontspec)             \fontdimen 8\font =8.124pt\relax \fontdimen 9\font
(fontspec)             =4.728pt\relax \fontdimen 10\font =5.328pt\relax
(fontspec)             \fontdimen 11\font =8.232pt\relax \fontdimen 12\font
(fontspec)             =4.14pt\relax \fontdimen 13\font =4.356pt\relax
(fontspec)             \fontdimen 14\font =4.356pt\relax \fontdimen 15\font
(fontspec)             =3.468pt\relax \fontdimen 16\font =2.964pt\relax
(fontspec)             \fontdimen 17\font =2.964pt\relax \fontdimen 18\font
(fontspec)             =3.0pt\relax \fontdimen 19\font =2.4pt\relax \fontdimen
(fontspec)             22\font =3.0pt\relax \fontdimen 20\font =0pt\relax
(fontspec)             \fontdimen 21\font =0pt\relax 

LaTeX Font Info:    Encoding `OMS' has changed to `TU' for symbol font
(Font)              `symbols' in the math version `normal' on input line 5.
LaTeX Font Info:    Overwriting symbol font `symbols' in version `normal'
(Font)                  OMS/cmsy/m/n --> TU/latinmodern-math.otf(2)/m/n on inpu
t line 5.
LaTeX Font Info:    Encoding `OMS' has changed to `TU' for symbol font
(Font)              `symbols' in the math version `bold' on input line 5.
LaTeX Font Info:    Overwriting symbol font `symbols' in version `bold'
(Font)                  OMS/cmsy/b/n --> TU/latinmodern-math.otf(2)/b/n on inpu
t line 5.

Package fontspec Info: latinmodern-math scale = 0.9999.


Package fontspec Info: latinmodern-math scale = 0.9999.


Package fontspec Info: latinmodern-math scale = 0.9999.


Package fontspec Info: latinmodern-math scale = 0.9999.


Package fontspec Info: latinmodern-math scale = 0.9999.


Package fontspec Info: Font family 'latinmodern-math.otf(3)' created for font
(fontspec)             'latinmodern-math.otf' with options
(fontspec)             [BoldItalicFont={},ItalicFont={},SmallCapsFont={},Script
=Math,SizeFeatures={{Size=10.2-},{Size=7.2-10.2,Font=latinmodern-math.otf,Style
=MathScript},{Size=-7.2,Font=latinmodern-math.otf,Style=MathScriptScript}},Bold
Font={latinmodern-math.otf},ScaleAgain=0.9999,FontAdjustment={\fontdimen
(fontspec)             8\font =0.48pt\relax \fontdimen 9\font =2.4pt\relax
(fontspec)             \fontdimen 10\font =2.004pt\relax \fontdimen 11\font
(fontspec)             =1.332pt\relax \fontdimen 12\font =7.2pt\relax
(fontspec)             \fontdimen 13\font =0pt\relax }].
(fontspec)              
(fontspec)              This font family consists of the following NFSS
(fontspec)             series/shapes:
(fontspec)              
(fontspec)             - 'normal' (m/n) with NFSS spec.:
(fontspec)             <10.2->s*[0.9999]"[latinmodern-math.otf]/OT:script=math;
language=dflt;"<7.2-10.2>s*[0.9999]"[latinmodern-math.otf]/OT:script=math;langu
age=dflt;+ssty=0;"<-7.2>s*[0.9999]"[latinmodern-math.otf]/OT:script=math;langua
ge=dflt;+ssty=1;"
(fontspec)             - 'small caps'  (m/sc) with NFSS spec.: 
(fontspec)             and font adjustment code:
(fontspec)             \fontdimen 8\font =0.48pt\relax \fontdimen 9\font
(fontspec)             =2.4pt\relax \fontdimen 10\font =2.004pt\relax
(fontspec)             \fontdimen 11\font =1.332pt\relax \fontdimen 12\font
(fontspec)             =7.2pt\relax \fontdimen 13\font =0pt\relax 
(fontspec)             - 'bold' (b/n) with NFSS spec.:
(fontspec)             <->s*[0.9999]"[latinmodern-math.otf]/OT:script=math;lang
uage=dflt;"
(fontspec)             - 'bold small caps'  (b/sc) with NFSS spec.: 
(fontspec)             and font adjustment code:
(fontspec)             \fontdimen 8\font =0.48pt\relax \fontdimen 9\font
(fontspec)             =2.4pt\relax \fontdimen 10\font =2.004pt\relax
(fontspec)             \fontdimen 11\font =1.332pt\relax \fontdimen 12\font
(fontspec)             =7.2pt\relax \fontdimen 13\font =0pt\relax 

LaTeX Font Info:    Encoding `OMX' has changed to `TU' for symbol font
(Font)              `largesymbols' in the math version `normal' on input line 5
.
LaTeX Font Info:    Overwriting symbol font `largesymbols' in version `normal'
(Font)                  OMX/cmex/m/n --> TU/latinmodern-math.otf(3)/m/n on inpu
t line 5.
LaTeX Font Info:    Encoding `OMX' has changed to `TU' for symbol font
(Font)              `largesymbols' in the math version `bold' on input line 5.
LaTeX Font Info:    Overwriting symbol font `largesymbols' in version `bold'
(Font)                  OMX/cmex/m/n --> TU/latinmodern-math.otf(3)/b/n on inpu
t line 5.
\c@lstlisting=\count378
LaTeX Font Info:    Font shape `TU/latinmodern-math.otf(2)/m/n' will be
(Font)              scaled to size 12.00128pt on input line 11.
LaTeX Font Info:    Font shape `TU/latinmodern-math.otf(2)/m/n' will be
(Font)              scaled to size 8.40088pt on input line 11.
LaTeX Font Info:    Font shape `TU/latinmodern-math.otf(2)/m/n' will be
(Font)              scaled to size 6.00064pt on input line 11.
LaTeX Font Info:    Font shape `TU/latinmodern-math.otf(3)/m/n' will be
(Font)              scaled to size 11.99872pt on input line 11.
LaTeX Font Info:    Font shape `TU/latinmodern-math.otf(3)/m/n' will be
(Font)              scaled to size 8.3991pt on input line 11.
LaTeX Font Info:    Font shape `TU/latinmodern-math.otf(3)/m/n' will be
(Font)              scaled to size 5.99936pt on input line 11.
LaTeX Font Info:    Trying to load font information for U+msa on input line 11.


(d:/Program Files (x86)/texlive/2024/texmf-dist/tex/latex/amsfonts/umsa.fd
File: umsa.fd 2013/01/14 v3.01 AMS symbols A
)
LaTeX Font Info:    Trying to load font information for U+msb on input line 11.


(d:/Program Files (x86)/texlive/2024/texmf-dist/tex/latex/amsfonts/umsb.fd
File: umsb.fd 2013/01/14 v3.01 AMS symbols B
)
LaTeX Font Info:    Trying to load font information for U+rsfs on input line 11
.

(d:/Program Files (x86)/texlive/2024/texmf-dist/tex/latex/jknapltx/ursfs.fd
File: ursfs.fd 1998/03/24 rsfs font definition file (jk)
)
LaTeX Font Info:    Trying to load font information for OMX+yhex on input line 
11.

(d:/Program Files (x86)/texlive/2024/texmf-dist/tex/latex/yhmath/OMXyhex.fd
File: OMXyhex.fd 
File: OMXyhex.fd 2013/07/03 v1.1 YH's humble contribution to TeX maths (NP)
)
[1

] (./extra.aux)
 ***********
LaTeX2e <2023-11-01> patch level 1
L3 programming layer <2022/08/05>
 ***********
Package rerunfilecheck Info: File `extra.out' has not changed.
(rerunfilecheck)             Checksum: D41D8CD98F00B204E9800998ECF8427E;0.
 )
(\end occurred when \ifx on line 18 was incomplete) 
Here is how much of TeX's memory you used:
 38182 strings out of 474773
 828606 string characters out of 5752390
 2011115 words of memory out of 5000000
 59720 multiletter control sequences out of 15000+600000
 564961 words of font info for 81 fonts, out of 8000000 for 9000
 1348 hyphenation exceptions out of 8191
 97i,7n,114p,1267b,527s stack positions out of 10000i,1000n,20000p,200000b,200000s

Output written on extra.pdf (1 page).
